<?xml version="1.0" encoding="UTF-8"?>
<testng-results ignored="0" total="2" passed="2" failed="0" skipped="0">
  <reporter-output>
  </reporter-output>
  <suite started-at="2024-01-12T01:10:40 IST" name="AmazonTDD" finished-at="2024-01-12T01:11:05 IST" duration-ms="24379">
    <groups>
    </groups>
    <test started-at="2024-01-12T01:10:40 IST" name="/Users/shubhankarde/Desktop/MyProjects/AmazonProjectsTDD" finished-at="2024-01-12T01:11:05 IST" duration-ms="24379">
      <class name="com.example.AmazonHeadPhoneItemTest">
        <test-method is-config="true" signature="preCondition()[pri:0, instance:com.example.AmazonHeadPhoneItemTest@c94fd30]" started-at="2024-01-12T01:10:40 IST" name="preCondition" finished-at="2024-01-12T01:10:45 IST" duration-ms="4154" status="PASS">
          <reporter-output>
          </reporter-output>
        </test-method> <!-- preCondition -->
        <test-method signature="testVerifyHeadPhoneSearch(java.lang.String,java.lang.String,int)[pri:0, instance:com.example.AmazonHeadPhoneItemTest@c94fd30]" started-at="2024-01-12T01:10:45 IST" name="testVerifyHeadPhoneSearch" description="1.Verify user is able to add wireless head phone into Cart and proceed to checkout" data-provider="data-provider" finished-at="2024-01-12T01:11:03 IST" duration-ms="18252" status="PASS">
          <params>
            <param index="0">
              <value>
                <![CDATA[headphones]]>
              </value>
            </param>
            <param index="1">
              <value>
                <![CDATA[Wireless]]>
              </value>
            </param>
            <param index="2">
              <value>
                <![CDATA[5]]>
              </value>
            </param>
          </params>
          <reporter-output>
          </reporter-output>
        </test-method> <!-- testVerifyHeadPhoneSearch -->
        <test-method is-config="true" signature="postCondition()[pri:0, instance:com.example.AmazonHeadPhoneItemTest@c94fd30]" started-at="2024-01-12T01:11:05 IST" name="postCondition" finished-at="2024-01-12T01:11:05 IST" duration-ms="135" status="PASS">
          <reporter-output>
          </reporter-output>
        </test-method> <!-- postCondition -->
      </class> <!-- com.example.AmazonHeadPhoneItemTest -->
      <class name="com.example.CheckersTest">
        <test-method signature="checkerTest()[pri:0, instance:com.example.CheckersTest@5812f68b]" started-at="2024-01-12T01:10:40 IST" name="checkerTest" finished-at="2024-01-12T01:10:48 IST" duration-ms="7742" status="PASS">
          <reporter-output>
          </reporter-output>
        </test-method> <!-- checkerTest -->
      </class> <!-- com.example.CheckersTest -->
    </test> <!-- /Users/shubhankarde/Desktop/MyProjects/AmazonProjectsTDD -->
  </suite> <!-- AmazonTDD -->
</testng-results>
