<?xml version="1.0" encoding="UTF-8"?>
<!-- Generated by org.testng.reporters.JUnitXMLReporter -->
<testsuite ignored="0" hostname="Shubhankars-MacBook-Air.local" failures="0" tests="2" name="/Users/shubhankarde/Desktop/MyProjects/AmazonProjectsTDD" time="24.379" errors="0" timestamp="2024-01-12T01:11:05 IST">
  <testcase classname="com.example.CheckersTest" name="checkerTest" time="7.742"/>
  <testcase classname="com.example.AmazonHeadPhoneItemTest" name="testVerifyHeadPhoneSearch" time="18.252"/>
</testsuite> <!-- /Users/shubhankarde/Desktop/MyProjects/AmazonProjectsTDD -->
